0 info it worked if it ends with ok
1 verbose cli [ '/usr/local/bin/node',
1 verbose cli   '/usr/local/bin/npm',
1 verbose cli   'install',
1 verbose cli   '-g',
1 verbose cli   'karma@canary',
1 verbose cli   'phantomjs',
1 verbose cli   'karma-phantomjs-launcher' ]
2 info using npm@3.5.3
3 info using node@v4.2.1
4 silly loadCurrentTree Starting
5 silly install loadCurrentTree
6 silly install readGlobalPackageData
7 silly fetchPackageMetaData karma@canary
8 silly fetchPackageMetaData phantomjs
9 silly fetchPackageMetaData karma-phantomjs-launcher
10 silly fetchNamedPackageData karma
11 silly mapToRegistry name karma
12 silly mapToRegistry using default registry
13 silly mapToRegistry registry https://registry.npmjs.org/
14 silly mapToRegistry uri https://registry.npmjs.org/karma
15 silly fetchNamedPackageData phantomjs
16 silly mapToRegistry name phantomjs
17 silly mapToRegistry using default registry
18 silly mapToRegistry registry https://registry.npmjs.org/
19 silly mapToRegistry uri https://registry.npmjs.org/phantomjs
20 silly fetchNamedPackageData karma-phantomjs-launcher
21 silly mapToRegistry name karma-phantomjs-launcher
22 silly mapToRegistry using default registry
23 silly mapToRegistry registry https://registry.npmjs.org/
24 silly mapToRegistry uri https://registry.npmjs.org/karma-phantomjs-launcher
25 verbose request uri https://registry.npmjs.org/karma-phantomjs-launcher
26 verbose request no auth needed
27 info attempt registry request try #1 at 11:25:04 PM
28 verbose request id 27e93b9a1b1dcf2e
29 verbose etag "7LMO4OC6I0SXR7CM5SGZDR60S"
30 http request GET https://registry.npmjs.org/karma-phantomjs-launcher
31 verbose request uri https://registry.npmjs.org/phantomjs
32 verbose request no auth needed
33 info attempt registry request try #1 at 11:25:04 PM
34 verbose etag "3T4FDMMVEBGQEYYDI9K5FAXAR"
35 http request GET https://registry.npmjs.org/phantomjs
36 verbose request uri https://registry.npmjs.org/karma
37 verbose request no auth needed
38 info attempt registry request try #1 at 11:25:04 PM
39 verbose etag "B1HNEPFPG8D3H8EMKVJTOA792"
40 http request GET https://registry.npmjs.org/karma
41 http 304 https://registry.npmjs.org/phantomjs
42 verbose headers { date: 'Sun, 28 Feb 2016 23:25:04 GMT',
42 verbose headers   via: '1.1 varnish',
42 verbose headers   'cache-control': 'max-age=300',
42 verbose headers   etag: '"3T4FDMMVEBGQEYYDI9K5FAXAR"',
42 verbose headers   age: '34',
42 verbose headers   connection: 'keep-alive',
42 verbose headers   'x-served-by': 'cache-lcy1128-LCY',
42 verbose headers   'x-cache': 'HIT',
42 verbose headers   'x-cache-hits': '1',
42 verbose headers   'x-timer': 'S1456701904.538771,VS0,VE0',
42 verbose headers   vary: 'Accept' }
43 silly get cb [ 304,
43 silly get   { date: 'Sun, 28 Feb 2016 23:25:04 GMT',
43 silly get     via: '1.1 varnish',
43 silly get     'cache-control': 'max-age=300',
43 silly get     etag: '"3T4FDMMVEBGQEYYDI9K5FAXAR"',
43 silly get     age: '34',
43 silly get     connection: 'keep-alive',
43 silly get     'x-served-by': 'cache-lcy1128-LCY',
43 silly get     'x-cache': 'HIT',
43 silly get     'x-cache-hits': '1',
43 silly get     'x-timer': 'S1456701904.538771,VS0,VE0',
43 silly get     vary: 'Accept' } ]
44 verbose etag https://registry.npmjs.org/phantomjs from cache
45 verbose get saving phantomjs to /Users/Ronan/.npm/registry.npmjs.org/phantomjs/.cache.json
46 http 304 https://registry.npmjs.org/karma-phantomjs-launcher
47 verbose headers { date: 'Sun, 28 Feb 2016 23:25:04 GMT',
47 verbose headers   via: '1.1 varnish',
47 verbose headers   'cache-control': 'max-age=300',
47 verbose headers   etag: '"7LMO4OC6I0SXR7CM5SGZDR60S"',
47 verbose headers   age: '84',
47 verbose headers   connection: 'keep-alive',
47 verbose headers   'x-served-by': 'cache-lcy1130-LCY',
47 verbose headers   'x-cache': 'HIT',
47 verbose headers   'x-cache-hits': '1',
47 verbose headers   'x-timer': 'S1456701904.541832,VS0,VE0',
47 verbose headers   vary: 'Accept' }
48 silly get cb [ 304,
48 silly get   { date: 'Sun, 28 Feb 2016 23:25:04 GMT',
48 silly get     via: '1.1 varnish',
48 silly get     'cache-control': 'max-age=300',
48 silly get     etag: '"7LMO4OC6I0SXR7CM5SGZDR60S"',
48 silly get     age: '84',
48 silly get     connection: 'keep-alive',
48 silly get     'x-served-by': 'cache-lcy1130-LCY',
48 silly get     'x-cache': 'HIT',
48 silly get     'x-cache-hits': '1',
48 silly get     'x-timer': 'S1456701904.541832,VS0,VE0',
48 silly get     vary: 'Accept' } ]
49 verbose etag https://registry.npmjs.org/karma-phantomjs-launcher from cache
50 verbose get saving karma-phantomjs-launcher to /Users/Ronan/.npm/registry.npmjs.org/karma-phantomjs-launcher/.cache.json
51 http 304 https://registry.npmjs.org/karma
52 verbose headers { date: 'Sun, 28 Feb 2016 23:25:04 GMT',
52 verbose headers   via: '1.1 varnish',
52 verbose headers   'cache-control': 'max-age=300',
52 verbose headers   etag: '"B1HNEPFPG8D3H8EMKVJTOA792"',
52 verbose headers   age: '0',
52 verbose headers   connection: 'keep-alive',
52 verbose headers   'x-served-by': 'cache-lcy1132-LCY',
52 verbose headers   'x-cache': 'HIT',
52 verbose headers   'x-cache-hits': '1',
52 verbose headers   'x-timer': 'S1456701904.555239,VS0,VE155',
52 verbose headers   vary: 'Accept' }
53 silly get cb [ 304,
53 silly get   { date: 'Sun, 28 Feb 2016 23:25:04 GMT',
53 silly get     via: '1.1 varnish',
53 silly get     'cache-control': 'max-age=300',
53 silly get     etag: '"B1HNEPFPG8D3H8EMKVJTOA792"',
53 silly get     age: '0',
53 silly get     connection: 'keep-alive',
53 silly get     'x-served-by': 'cache-lcy1132-LCY',
53 silly get     'x-cache': 'HIT',
53 silly get     'x-cache-hits': '1',
53 silly get     'x-timer': 'S1456701904.555239,VS0,VE155',
53 silly get     vary: 'Accept' } ]
54 verbose etag https://registry.npmjs.org/karma from cache
55 verbose get saving karma to /Users/Ronan/.npm/registry.npmjs.org/karma/.cache.json
56 silly fetchPackageMetaData Error: No compatible version found: karma@canary
56 silly fetchPackageMetaData Valid install targets:
56 silly fetchPackageMetaData 0.13.21, 0.13.20, 0.13.19, 0.13.18, 0.13.17, 0.13.16, 0.13.15, 0.13.14, 0.13.13, 0.13.12, 0.13.11, 0.13.10, 0.13.9, 0.13.8, 0.13.7, 0.13.6, 0.13.5, 0.13.4, 0.13.3, 0.13.2, 0.13.1, 0.13.0, 0.13.0-rc.9, 0.13.0-rc.8, 0.13.0-rc.7, 0.13.0-rc.6, 0.13.0-rc.5, 0.13.0-rc.4, 0.13.0-rc.3, 0.13.0-rc.2, 0.13.0-rc.1, 0.13.0-rc.0, 0.12.37, 0.12.36, 0.12.35, 0.12.34, 0.12.33, 0.12.32, 0.12.32-beta.0, 0.12.31, 0.12.30, 0.12.29, 0.12.28, 0.12.28-beta-f65c864, 0.12.28-beta-b9be580, 0.12.27, 0.12.26, 0.12.25, 0.12.25-beta-ad5bc24, 0.12.25-beta-37a7958, 0.12.24, 0.12.24-dev-test, 0.12.24-dev-socketio10-2, 0.12.24-dev-socketio10, 0.12.24-beta-6cf7955, 0.12.23, 0.12.22, 0.12.21, 0.12.20, 0.12.19, 0.12.18, 0.12.17, 0.12.16, 0.12.16-beta-905422d, 0.12.15, 0.12.14, 0.12.13, 0.12.12, 0.12.11, 0.12.11-beta-3029418, 0.12.10, 0.12.9, 0.12.8, 0.12.7, 0.12.6, 0.12.6-beta-43e6e28, 0.12.5, 0.12.4, 0.12.3, 0.12.2, 0.12.1, 0.12.0, 0.11.14, 0.11.13, 0.11.12, 0.11.12-dev2, 0.11.12-dev, 0.11.11, 0.11.11-dev, 0.11.10, 0.11.9, 0.11.8, 0.11.7, 0.11.6, 0.11.5, 0.11.4, 0.11.3, 0.11.2, 0.11.1, 0.11.0, 0.10.10, 0.10.9, 0.10.8, 0.10.7, 0.10.6, 0.10.5, 0.10.4, 0.10.3, 0.10.2, 0.10.1, 0.10.0, 0.9.8, 0.9.7, 0.9.6, 0.9.5, 0.9.4, 0.9.3, 0.9.2, 0.9.2-dart, 0.9.1, 0.9.0, 0.9.0-dart, 0.8.8, 0.8.7, 0.8.6, 0.8.5, 0.8.4, 0.8.3, 0.8.2, 0.8.1, 0.8.0
56 silly fetchPackageMetaData
56 silly fetchPackageMetaData     at pickVersionFromRegistryDocument (/usr/local/lib/node_modules/npm/lib/fetch-package-metadata.js:156:16)
56 silly fetchPackageMetaData     at /usr/local/lib/node_modules/npm/node_modules/iferr/index.js:13:50
56 silly fetchPackageMetaData     at /usr/local/lib/node_modules/npm/lib/utils/pulse-till-done.js:19:8
56 silly fetchPackageMetaData     at saved (/usr/local/lib/node_modules/npm/lib/cache/caching-client.js:168:7)
56 silly fetchPackageMetaData     at /usr/local/lib/node_modules/npm/node_modules/graceful-fs/polyfills.js:210:7
56 silly fetchPackageMetaData     at FSReqWrap.oncomplete (fs.js:82:15)
56 silly fetchPackageMetaData  error for karma@canary [Error: No compatible version found: karma@canary
56 silly fetchPackageMetaData Valid install targets:
56 silly fetchPackageMetaData 0.13.21, 0.13.20, 0.13.19, 0.13.18, 0.13.17, 0.13.16, 0.13.15, 0.13.14, 0.13.13, 0.13.12, 0.13.11, 0.13.10, 0.13.9, 0.13.8, 0.13.7, 0.13.6, 0.13.5, 0.13.4, 0.13.3, 0.13.2, 0.13.1, 0.13.0, 0.13.0-rc.9, 0.13.0-rc.8, 0.13.0-rc.7, 0.13.0-rc.6, 0.13.0-rc.5, 0.13.0-rc.4, 0.13.0-rc.3, 0.13.0-rc.2, 0.13.0-rc.1, 0.13.0-rc.0, 0.12.37, 0.12.36, 0.12.35, 0.12.34, 0.12.33, 0.12.32, 0.12.32-beta.0, 0.12.31, 0.12.30, 0.12.29, 0.12.28, 0.12.28-beta-f65c864, 0.12.28-beta-b9be580, 0.12.27, 0.12.26, 0.12.25, 0.12.25-beta-ad5bc24, 0.12.25-beta-37a7958, 0.12.24, 0.12.24-dev-test, 0.12.24-dev-socketio10-2, 0.12.24-dev-socketio10, 0.12.24-beta-6cf7955, 0.12.23, 0.12.22, 0.12.21, 0.12.20, 0.12.19, 0.12.18, 0.12.17, 0.12.16, 0.12.16-beta-905422d, 0.12.15, 0.12.14, 0.12.13, 0.12.12, 0.12.11, 0.12.11-beta-3029418, 0.12.10, 0.12.9, 0.12.8, 0.12.7, 0.12.6, 0.12.6-beta-43e6e28, 0.12.5, 0.12.4, 0.12.3, 0.12.2, 0.12.1, 0.12.0, 0.11.14, 0.11.13, 0.11.12, 0.11.12-dev2, 0.11.12-dev, 0.11.11, 0.11.11-dev, 0.11.10, 0.11.9, 0.11.8, 0.11.7, 0.11.6, 0.11.5, 0.11.4, 0.11.3, 0.11.2, 0.11.1, 0.11.0, 0.10.10, 0.10.9, 0.10.8, 0.10.7, 0.10.6, 0.10.5, 0.10.4, 0.10.3, 0.10.2, 0.10.1, 0.10.0, 0.9.8, 0.9.7, 0.9.6, 0.9.5, 0.9.4, 0.9.3, 0.9.2, 0.9.2-dart, 0.9.1, 0.9.0, 0.9.0-dart, 0.8.8, 0.8.7, 0.8.6, 0.8.5, 0.8.4, 0.8.3, 0.8.2, 0.8.1, 0.8.0
56 silly fetchPackageMetaData ]
57 silly rollbackFailedOptional Starting
58 silly rollbackFailedOptional Finishing
59 silly runTopLevelLifecycles Starting
60 silly runTopLevelLifecycles Finishing
61 silly install printInstalled
62 verbose stack Error: No compatible version found: karma@canary
62 verbose stack Valid install targets:
62 verbose stack 0.13.21, 0.13.20, 0.13.19, 0.13.18, 0.13.17, 0.13.16, 0.13.15, 0.13.14, 0.13.13, 0.13.12, 0.13.11, 0.13.10, 0.13.9, 0.13.8, 0.13.7, 0.13.6, 0.13.5, 0.13.4, 0.13.3, 0.13.2, 0.13.1, 0.13.0, 0.13.0-rc.9, 0.13.0-rc.8, 0.13.0-rc.7, 0.13.0-rc.6, 0.13.0-rc.5, 0.13.0-rc.4, 0.13.0-rc.3, 0.13.0-rc.2, 0.13.0-rc.1, 0.13.0-rc.0, 0.12.37, 0.12.36, 0.12.35, 0.12.34, 0.12.33, 0.12.32, 0.12.32-beta.0, 0.12.31, 0.12.30, 0.12.29, 0.12.28, 0.12.28-beta-f65c864, 0.12.28-beta-b9be580, 0.12.27, 0.12.26, 0.12.25, 0.12.25-beta-ad5bc24, 0.12.25-beta-37a7958, 0.12.24, 0.12.24-dev-test, 0.12.24-dev-socketio10-2, 0.12.24-dev-socketio10, 0.12.24-beta-6cf7955, 0.12.23, 0.12.22, 0.12.21, 0.12.20, 0.12.19, 0.12.18, 0.12.17, 0.12.16, 0.12.16-beta-905422d, 0.12.15, 0.12.14, 0.12.13, 0.12.12, 0.12.11, 0.12.11-beta-3029418, 0.12.10, 0.12.9, 0.12.8, 0.12.7, 0.12.6, 0.12.6-beta-43e6e28, 0.12.5, 0.12.4, 0.12.3, 0.12.2, 0.12.1, 0.12.0, 0.11.14, 0.11.13, 0.11.12, 0.11.12-dev2, 0.11.12-dev, 0.11.11, 0.11.11-dev, 0.11.10, 0.11.9, 0.11.8, 0.11.7, 0.11.6, 0.11.5, 0.11.4, 0.11.3, 0.11.2, 0.11.1, 0.11.0, 0.10.10, 0.10.9, 0.10.8, 0.10.7, 0.10.6, 0.10.5, 0.10.4, 0.10.3, 0.10.2, 0.10.1, 0.10.0, 0.9.8, 0.9.7, 0.9.6, 0.9.5, 0.9.4, 0.9.3, 0.9.2, 0.9.2-dart, 0.9.1, 0.9.0, 0.9.0-dart, 0.8.8, 0.8.7, 0.8.6, 0.8.5, 0.8.4, 0.8.3, 0.8.2, 0.8.1, 0.8.0
62 verbose stack
62 verbose stack     at pickVersionFromRegistryDocument (/usr/local/lib/node_modules/npm/lib/fetch-package-metadata.js:156:16)
62 verbose stack     at /usr/local/lib/node_modules/npm/node_modules/iferr/index.js:13:50
62 verbose stack     at /usr/local/lib/node_modules/npm/lib/utils/pulse-till-done.js:19:8
62 verbose stack     at saved (/usr/local/lib/node_modules/npm/lib/cache/caching-client.js:168:7)
62 verbose stack     at /usr/local/lib/node_modules/npm/node_modules/graceful-fs/polyfills.js:210:7
62 verbose stack     at FSReqWrap.oncomplete (fs.js:82:15)
63 verbose cwd /Users/Ronan/development/8sem/personal-website
64 error Darwin 15.3.0
65 error argv "/usr/local/bin/node" "/usr/local/bin/npm" "install" "-g" "karma@canary" "phantomjs" "karma-phantomjs-launcher"
66 error node v4.2.1
67 error npm  v3.5.3
68 error No compatible version found: karma@canary
68 error Valid install targets:
68 error 0.13.21, 0.13.20, 0.13.19, 0.13.18, 0.13.17, 0.13.16, 0.13.15, 0.13.14, 0.13.13, 0.13.12, 0.13.11, 0.13.10, 0.13.9, 0.13.8, 0.13.7, 0.13.6, 0.13.5, 0.13.4, 0.13.3, 0.13.2, 0.13.1, 0.13.0, 0.13.0-rc.9, 0.13.0-rc.8, 0.13.0-rc.7, 0.13.0-rc.6, 0.13.0-rc.5, 0.13.0-rc.4, 0.13.0-rc.3, 0.13.0-rc.2, 0.13.0-rc.1, 0.13.0-rc.0, 0.12.37, 0.12.36, 0.12.35, 0.12.34, 0.12.33, 0.12.32, 0.12.32-beta.0, 0.12.31, 0.12.30, 0.12.29, 0.12.28, 0.12.28-beta-f65c864, 0.12.28-beta-b9be580, 0.12.27, 0.12.26, 0.12.25, 0.12.25-beta-ad5bc24, 0.12.25-beta-37a7958, 0.12.24, 0.12.24-dev-test, 0.12.24-dev-socketio10-2, 0.12.24-dev-socketio10, 0.12.24-beta-6cf7955, 0.12.23, 0.12.22, 0.12.21, 0.12.20, 0.12.19, 0.12.18, 0.12.17, 0.12.16, 0.12.16-beta-905422d, 0.12.15, 0.12.14, 0.12.13, 0.12.12, 0.12.11, 0.12.11-beta-3029418, 0.12.10, 0.12.9, 0.12.8, 0.12.7, 0.12.6, 0.12.6-beta-43e6e28, 0.12.5, 0.12.4, 0.12.3, 0.12.2, 0.12.1, 0.12.0, 0.11.14, 0.11.13, 0.11.12, 0.11.12-dev2, 0.11.12-dev, 0.11.11, 0.11.11-dev, 0.11.10, 0.11.9, 0.11.8, 0.11.7, 0.11.6, 0.11.5, 0.11.4, 0.11.3, 0.11.2, 0.11.1, 0.11.0, 0.10.10, 0.10.9, 0.10.8, 0.10.7, 0.10.6, 0.10.5, 0.10.4, 0.10.3, 0.10.2, 0.10.1, 0.10.0, 0.9.8, 0.9.7, 0.9.6, 0.9.5, 0.9.4, 0.9.3, 0.9.2, 0.9.2-dart, 0.9.1, 0.9.0, 0.9.0-dart, 0.8.8, 0.8.7, 0.8.6, 0.8.5, 0.8.4, 0.8.3, 0.8.2, 0.8.1, 0.8.0
69 error If you need help, you may report this error at:
69 error     <https://github.com/npm/npm/issues>
70 verbose exit [ 1, true ]
